<?xml version="1.0" encoding="UTF-8"?>
<testsuite xmlns:xsi="http://www.w3.org/2001/XMLSchema-instance" xsi:noNamespaceSchemaLocation="https://maven.apache.org/surefire/maven-surefire-plugin/xsd/surefire-test-report-3.0.xsd" version="3.0" name="TestSuite" time="138.917" tests="13" errors="0" skipped="0" failures="2">
  <properties>
[...]
</properties>
  <testcase name="emailFieldIsRequiredTest" classname="examTestProject.examTests.LoginTests" time="2.069"/>
  <testcase name="goToLoginPageTest" classname="examTestProject.examTests.LoginTests" time="0.263"/>
  <testcase name="loginWithValidUsernameAndPasswordTest" classname="examTestProject.examTests.LoginTests" time="2.121"/>
  <testcase name="passwordFieldIsRequiredTest" classname="examTestProject.examTests.LoginTests" time="11.058">
    <failure message="Expected condition failed: waiting for visibility of all elements located by By.cssSelector: form .form-group:nth-of-type(2) .invalid-feedback (tried for 10 second(s) with 1000 MILLISECONDS interval)&#10;Build info: version: &apos;3.8.1&apos;, revision: &apos;6e95a6684b&apos;, time: &apos;2017-12-01T18:33:54.468Z&apos;&#10;System info: host: &apos;BOJANPC&apos;, ip: &apos;192.168.0.13&apos;, os.name: &apos;Windows 10&apos;, os.arch: &apos;amd64&apos;, os.version: &apos;10.0&apos;, java.version: &apos;11.0.3&apos;&#10;Driver info: org.openqa.selenium.chrome.ChromeDriver&#10;Capabilities {acceptInsecureCerts: false, browserName: chrome, browserVersion: 75.0.3770.142, chrome: {chromedriverVersion: 75.0.3770.140 (2d9f97485c7b..., userDataDir: C:\Users\Bojan\AppData\Loca...}, goog:chromeOptions: {debuggerAddress: localhost:59876}, javascriptEnabled: true, networkConnectionEnabled: false, pageLoadStrategy: normal, platform: XP, platformName: XP, proxy: Proxy(), setWindowRect: true, strictFileInteractability: false, timeouts: {implicit: 0, pageLoad: 300000, script: 30000}, unhandledPromptBehavior: dismiss and notify}&#10;Session ID: 29bf106a0c42eddae34fa93d470529f1" type="org.openqa.selenium.TimeoutException">org.openqa.selenium.TimeoutException: 
Expected condition failed: waiting for visibility of all elements located by By.cssSelector: form .form-group:nth-of-type(2) .invalid-feedback (tried for 10 second(s) with 1000 MILLISECONDS interval)
Build info: version: '3.8.1', revision: '6e95a6684b', time: '2017-12-01T18:33:54.468Z'
System info: host: 'BOJANPC', ip: '192.168.0.13', os.name: 'Windows 10', os.arch: 'amd64', os.version: '10.0', java.version: '11.0.3'
Driver info: org.openqa.selenium.chrome.ChromeDriver
Capabilities {acceptInsecureCerts: false, browserName: chrome, browserVersion: 75.0.3770.142, chrome: {chromedriverVersion: 75.0.3770.140 (2d9f97485c7b..., userDataDir: C:\Users\Bojan\AppData\Loca...}, goog:chromeOptions: {debuggerAddress: localhost:59876}, javascriptEnabled: true, networkConnectionEnabled: false, pageLoadStrategy: normal, platform: XP, platformName: XP, proxy: Proxy(), setWindowRect: true, strictFileInteractability: false, timeouts: {implicit: 0, pageLoad: 300000, script: 30000}, unhandledPromptBehavior: dismiss and notify}
Session ID: 29bf106a0c42eddae34fa93d470529f1
	at examTestProject.examTests.LoginTests.passwordFieldIsRequiredTest(LoginTests.java:40)
</failure>
    <system-err><![CDATA[Starting ChromeDriver 75.0.3770.140 (2d9f97485c7b07dc18a74666574f19176731995c-refs/branch-heads/3770@{#1155}) on port 13647
Only local connections are allowed.
Please protect ports used by ChromeDriver and related test frameworks to prevent access by malicious code.
Jul 29, 2019 8:59:39 PM org.openqa.selenium.remote.ProtocolHandshake createSession
INFO: Detected dialect: W3C
]]></system-err>
  </testcase>
  <testcase name="passwordMustBeAtLeast6CharactersLongTest" classname="examTestProject.examTests.LoginTests" time="2.055"/>
  <testcase name="passwordMustBeValid" classname="examTestProject.examTests.LoginTests" time="2.212"/>
  <testcase name="userMustBeRegistered" classname="examTestProject.examTests.LoginTests" time="2.264"/>
  <testcase name="goToUseCasePageTest" classname="examTestProject.examTests.UseCasesTests" time="1.312"/>
  <testcase name="createUseCaseWithMinimumAmountOfCharacters" classname="examTestProject.examTests.UseCasesTests" time="3.986"/>
  <testcase name="createUseCaseWithMaximumAmountOfCharacters" classname="examTestProject.examTests.UseCasesTests" time="6.92"/>
  <testcase name="createUseCaseWithMoreStepsWithAddStepButton" classname="examTestProject.examTests.UseCasesTests" time="5.283"/>
  <testcase name="createUseCaseWithMoreStepsWithDivider" classname="examTestProject.examTests.UseCasesTests" time="10.151">
    <failure message="Expected condition failed: waiting for visibility of all elements located by By.cssSelector: a[href=&apos;/use-cases&apos;] (tried for 10 second(s) with 1000 MILLISECONDS interval)&#10;Build info: version: &apos;3.8.1&apos;, revision: &apos;6e95a6684b&apos;, time: &apos;2017-12-01T18:33:54.468Z&apos;&#10;System info: host: &apos;BOJANPC&apos;, ip: &apos;192.168.0.13&apos;, os.name: &apos;Windows 10&apos;, os.arch: &apos;amd64&apos;, os.version: &apos;10.0&apos;, java.version: &apos;11.0.3&apos;&#10;Driver info: org.openqa.selenium.chrome.ChromeDriver&#10;Capabilities {acceptInsecureCerts: false, browserName: chrome, browserVersion: 75.0.3770.142, chrome: {chromedriverVersion: 75.0.3770.140 (2d9f97485c7b..., userDataDir: C:\Users\Bojan\AppData\Loca...}, goog:chromeOptions: {debuggerAddress: localhost:60099}, javascriptEnabled: true, networkConnectionEnabled: false, pageLoadStrategy: normal, platform: XP, platformName: XP, proxy: Proxy(), setWindowRect: true, strictFileInteractability: false, timeouts: {implicit: 0, pageLoad: 300000, script: 30000}, unhandledPromptBehavior: dismiss and notify}&#10;Session ID: 364105f727b3313003797d3685d70106" type="org.openqa.selenium.TimeoutException">org.openqa.selenium.TimeoutException: 
Expected condition failed: waiting for visibility of all elements located by By.cssSelector: a[href='/use-cases'] (tried for 10 second(s) with 1000 MILLISECONDS interval)
Build info: version: '3.8.1', revision: '6e95a6684b', time: '2017-12-01T18:33:54.468Z'
System info: host: 'BOJANPC', ip: '192.168.0.13', os.name: 'Windows 10', os.arch: 'amd64', os.version: '10.0', java.version: '11.0.3'
Driver info: org.openqa.selenium.chrome.ChromeDriver
Capabilities {acceptInsecureCerts: false, browserName: chrome, browserVersion: 75.0.3770.142, chrome: {chromedriverVersion: 75.0.3770.140 (2d9f97485c7b..., userDataDir: C:\Users\Bojan\AppData\Loca...}, goog:chromeOptions: {debuggerAddress: localhost:60099}, javascriptEnabled: true, networkConnectionEnabled: false, pageLoadStrategy: normal, platform: XP, platformName: XP, proxy: Proxy(), setWindowRect: true, strictFileInteractability: false, timeouts: {implicit: 0, pageLoad: 300000, script: 30000}, unhandledPromptBehavior: dismiss and notify}
Session ID: 364105f727b3313003797d3685d70106
	at examTestProject.examTests.UseCasesTests.createUseCaseWithMoreStepsWithDivider(UseCasesTests.java:80)
</failure>
    <system-err><![CDATA[Starting ChromeDriver 75.0.3770.140 (2d9f97485c7b07dc18a74666574f19176731995c-refs/branch-heads/3770@{#1155}) on port 24971
Only local connections are allowed.
Please protect ports used by ChromeDriver and related test frameworks to prevent access by malicious code.
Jul 29, 2019 9:00:54 PM org.openqa.selenium.remote.ProtocolHandshake createSession
INFO: Detected dialect: W3C
]]></system-err>
  </testcase>
  <testcase name="replaceTextWithNumberOfCharacters" classname="examTestProject.examTests.UseCasesTests" time="19.283"/>
</testsuite>